<html>
<head>
<title>TestNG:  Surefire test</title>
<link href="../testng.css" rel="stylesheet" type="text/css" />
<link href="../my-testng.css" rel="stylesheet" type="text/css" />

<style type="text/css">
.log { display: none;} 
.stack-trace { display: none;} 
</style>
<script type="text/javascript">
<!--
function flip(e) {
  current = e.style.display;
  if (current == 'block') {
    e.style.display = 'none';
    return 0;
  }
  else {
    e.style.display = 'block';
    return 1;
  }
}

function toggleBox(szDivId, elem, msg1, msg2)
{
  var res = -1;  if (document.getElementById) {
    res = flip(document.getElementById(szDivId));
  }
  else if (document.all) {
    // this is the way old msie versions work
    res = flip(document.all[szDivId]);
  }
  if(elem) {
    if(res == 0) elem.innerHTML = msg1; else elem.innerHTML = msg2;
  }

}

function toggleAllBoxes() {
  if (document.getElementsByTagName) {
    d = document.getElementsByTagName('div');
    for (i = 0; i < d.length; i++) {
      if (d[i].className == 'log') {
        flip(d[i]);
      }
    }
  }
}

// -->
</script>

</head>
<body>
<h2 align='center'>Surefire test</h2><table border='1' align="center">
<tr>
<td>Tests passed/Failed/Skipped:</td><td>12/2/0</td>
</tr><tr>
<td>Started on:</td><td>Sat Jul 02 14:47:32 AST 2022</td>
</tr>
<tr><td>Total time:</td><td>253 seconds (253696 ms)</td>
</tr><tr>
<td>Included groups:</td><td></td>
</tr><tr>
<td>Excluded groups:</td><td></td>
</tr>
</table><p/>
<small><i>(Hover the method name to see the test class name)</i></small><p/>
<table width='100%' border='1' class='invocation-failed'>
<tr><td colspan='4' align='center'><b>FAILED TESTS</b></td></tr>
<tr><td><b>Test method</b></td>
<td width="30%"><b>Exception</b></td>
<td width="10%"><b>Time (seconds)</b></td>
<td><b>Instance</b></td>
</tr>
<tr>
<td title='org.example.Runner.testRunner.runScenario()'><b>runScenario</b><br>Test class: org.example.Runner.testRunner<br>Test method: Runs Cucumber Scenarios<br>Parameters: "user could reset his password", "Forgot Password|| User could reset his password"</td>
<td><div><pre>org.openqa.selenium.NoSuchElementException: no such element: Unable to locate element: {&quot;method&quot;:&quot;css selector&quot;,&quot;selector&quot;:&quot;a[href=&quot;/passwordrecovery&quot;]&quot;}
  (Session info: chrome=103.0.5060.66)
For documentation on this error, please visit: https://selenium.dev/exceptions/#no_such_element
Build info: version: &apos;4.2.1&apos;, revision: &apos;ac4d0fdd4a&apos;
System info: host: &apos;LAPTOP-08B0HJGN&apos;, ip: &apos;192.168.3.105&apos;, os.name: &apos;Windows 11&apos;, os.arch: &apos;amd64&apos;, os.version: &apos;10.0&apos;, java.version: &apos;1.8.0_333&apos;
Driver info: org.openqa.selenium.chrome.ChromeDriver
Command: [72778187dc590d62c2411d6296bf3cd2, findElement {using=css selector, value=a[href=&quot;/passwordrecovery&quot;]}]
Capabilities {acceptInsecureCerts: false, browserName: chrome, browserVersion: 103.0.5060.66, chrome: {chromedriverVersion: 103.0.5060.53 (a1711811edd7..., userDataDir: C:\Users\Asmaa\AppData\Loca...}, goog:chromeOptions: {debuggerAddress: localhost:57151}, networkConnectionEnabled: false, pageLoadStrategy: normal, platformName: WINDOWS, proxy: Proxy(), se:cdp: ws://localhost:57151/devtoo..., se:cdpVersion: 103.0.5060.66, setWindowRect: true, strictFileInteractability: false, timeouts: {implicit: 0, pageLoad: 300000, script: 30000}, unhandledPromptBehavior: dismiss and notify, webauthn:extension:credBlob: true, webauthn:extension:largeBlob: true, webauthn:virtualAuthenticators: true}
Session ID: 72778187dc590d62c2411d6296bf3cd2
	at org.openqa.selenium.remote.codec.w3c.W3CHttpResponseCodec.createException(W3CHttpResponseCodec.java:200)
	at org.openqa.selenium.remote.codec.w3c.W3CHttpResponseCodec.decode(W3CHttpResponseCodec.java:133)
	at org.openqa.selenium.remote.codec.w3c.W3CHttpResponseCodec.decode(W3CHttpResponseCodec.java:53)
	at org.openqa.selenium.remote.HttpCommandExecutor.execute(HttpCommandExecutor.java:184)
	at org.openqa.selenium.remote.service.DriverCommandExecutor.invokeExecute(DriverCommandExecutor.java:167)
	at org.openqa.selenium.remote.service.DriverCommandExecutor.execute(DriverCommandExecutor.java:142)
	at org.openqa.selenium.remote.RemoteWebDriver.execute(RemoteWebDriver.java:551)
	at org.openqa.selenium.remote.ElementLocation$ElementFinder$2.findElement(ElementLocation.java:162)
	at org.openqa.selenium.remote.ElementLocation.findElement(ElementLocation.java:60)
	at org.openqa.selenium.remote.RemoteWebDriver.findElement(RemoteWebDriver.java:369)
	at org.openqa.selenium.remote.RemoteWebDriver.findElement(RemoteWebDriver.java:361)
	at org.example.Pages.P03_ForgotPassPage.forgotPassBtn(P03_ForgotPassPage.java:12)
	at org.example.StepDefinitions.D03_ForgotPassDef.user_click_on_forgot_password(D03_ForgotPassDef.java:22)
	at ?.user click on forgot password(file:///C:/Users/Asmaa/IdeaProjects/EcommerceFWD2/src/main/resources/features/F03_ForgotPass.feature:6)
... Removed 4 stack frames</pre></div><a href='#' onClick='toggleBox("stack-trace1841945133", this, "Click to show all stack frames", "Click to hide stack frames")'>Click to show all stack frames</a>
<div class='stack-trace' id='stack-trace1841945133'><pre>org.openqa.selenium.NoSuchElementException: no such element: Unable to locate element: {&quot;method&quot;:&quot;css selector&quot;,&quot;selector&quot;:&quot;a[href=&quot;/passwordrecovery&quot;]&quot;}
  (Session info: chrome=103.0.5060.66)
For documentation on this error, please visit: https://selenium.dev/exceptions/#no_such_element
Build info: version: &apos;4.2.1&apos;, revision: &apos;ac4d0fdd4a&apos;
System info: host: &apos;LAPTOP-08B0HJGN&apos;, ip: &apos;192.168.3.105&apos;, os.name: &apos;Windows 11&apos;, os.arch: &apos;amd64&apos;, os.version: &apos;10.0&apos;, java.version: &apos;1.8.0_333&apos;
Driver info: org.openqa.selenium.chrome.ChromeDriver
Command: [72778187dc590d62c2411d6296bf3cd2, findElement {using=css selector, value=a[href=&quot;/passwordrecovery&quot;]}]
Capabilities {acceptInsecureCerts: false, browserName: chrome, browserVersion: 103.0.5060.66, chrome: {chromedriverVersion: 103.0.5060.53 (a1711811edd7..., userDataDir: C:\Users\Asmaa\AppData\Loca...}, goog:chromeOptions: {debuggerAddress: localhost:57151}, networkConnectionEnabled: false, pageLoadStrategy: normal, platformName: WINDOWS, proxy: Proxy(), se:cdp: ws://localhost:57151/devtoo..., se:cdpVersion: 103.0.5060.66, setWindowRect: true, strictFileInteractability: false, timeouts: {implicit: 0, pageLoad: 300000, script: 30000}, unhandledPromptBehavior: dismiss and notify, webauthn:extension:credBlob: true, webauthn:extension:largeBlob: true, webauthn:virtualAuthenticators: true}
Session ID: 72778187dc590d62c2411d6296bf3cd2
	at sun.reflect.NativeConstructorAccessorImpl.newInstance0(Native Method)
	at sun.reflect.NativeConstructorAccessorImpl.newInstance(NativeConstructorAccessorImpl.java:62)
	at sun.reflect.DelegatingConstructorAccessorImpl.newInstance(DelegatingConstructorAccessorImpl.java:45)
	at java.lang.reflect.Constructor.newInstance(Constructor.java:423)
	at org.openqa.selenium.remote.codec.w3c.W3CHttpResponseCodec.createException(W3CHttpResponseCodec.java:200)
	at org.openqa.selenium.remote.codec.w3c.W3CHttpResponseCodec.decode(W3CHttpResponseCodec.java:133)
	at org.openqa.selenium.remote.codec.w3c.W3CHttpResponseCodec.decode(W3CHttpResponseCodec.java:53)
	at org.openqa.selenium.remote.HttpCommandExecutor.execute(HttpCommandExecutor.java:184)
	at org.openqa.selenium.remote.service.DriverCommandExecutor.invokeExecute(DriverCommandExecutor.java:167)
	at org.openqa.selenium.remote.service.DriverCommandExecutor.execute(DriverCommandExecutor.java:142)
	at org.openqa.selenium.remote.RemoteWebDriver.execute(RemoteWebDriver.java:551)
	at org.openqa.selenium.remote.ElementLocation$ElementFinder$2.findElement(ElementLocation.java:162)
	at org.openqa.selenium.remote.ElementLocation.findElement(ElementLocation.java:60)
	at org.openqa.selenium.remote.RemoteWebDriver.findElement(RemoteWebDriver.java:369)
	at org.openqa.selenium.remote.RemoteWebDriver.findElement(RemoteWebDriver.java:361)
	at org.example.Pages.P03_ForgotPassPage.forgotPassBtn(P03_ForgotPassPage.java:12)
	at org.example.StepDefinitions.D03_ForgotPassDef.user_click_on_forgot_password(D03_ForgotPassDef.java:22)
	at ?.user click on forgot password(file:///C:/Users/Asmaa/IdeaProjects/EcommerceFWD2/src/main/resources/features/F03_ForgotPass.feature:6)
</pre></div></td>
<td>18</td>
<td>org.example.Runner.testRunner@3aeaafa6</td></tr>
<tr>
<td title='org.example.Runner.testRunner.runScenario()'><b>runScenario</b><br>Test class: org.example.Runner.testRunner<br>Test method: Runs Cucumber Scenarios<br>Parameters: "user could navigate to a product using home slider", "F06HomeSliders | user could use home slider to navigate to a product"</td>
<td><div><pre>java.lang.AssertionError: expected [https://demo.nopcommerce.com/search?q=nokia] but found []
	at org.example.StepDefinitions.D06_HomeSliders.navigateHomeSliders(D06_HomeSliders.java:22)
	at ?.user could navigate Nokia products through homeSliders(file:///C:/Users/Asmaa/IdeaProjects/EcommerceFWD2/src/main/resources/features/F06_HomeSliders.feature:5)
... Removed 6 stack frames</pre></div><a href='#' onClick='toggleBox("stack-trace1980153091", this, "Click to show all stack frames", "Click to hide stack frames")'>Click to show all stack frames</a>
<div class='stack-trace' id='stack-trace1980153091'><pre>java.lang.AssertionError: expected [https://demo.nopcommerce.com/search?q=nokia] but found []
	at org.testng.Assert.fail(Assert.java:110)
	at org.testng.Assert.failNotEquals(Assert.java:1413)
	at org.testng.Assert.assertEqualsImpl(Assert.java:149)
	at org.testng.Assert.assertEquals(Assert.java:131)
	at org.testng.Assert.assertEquals(Assert.java:655)
	at org.testng.Assert.assertEquals(Assert.java:665)
	at org.example.StepDefinitions.D06_HomeSliders.navigateHomeSliders(D06_HomeSliders.java:22)
	at ?.user could navigate Nokia products through homeSliders(file:///C:/Users/Asmaa/IdeaProjects/EcommerceFWD2/src/main/resources/features/F06_HomeSliders.feature:5)
</pre></div></td>
<td>10</td>
<td>org.example.Runner.testRunner@3aeaafa6</td></tr>
</table><p>
<table width='100%' border='1' class='invocation-passed'>
<tr><td colspan='4' align='center'><b>PASSED TESTS</b></td></tr>
<tr><td><b>Test method</b></td>
<td width="30%"><b>Exception</b></td>
<td width="10%"><b>Time (seconds)</b></td>
<td><b>Instance</b></td>
</tr>
<tr>
<td title='org.example.Runner.testRunner.runScenario()'><b>runScenario</b><br>Test class: org.example.Runner.testRunner<br>Test method: Runs Cucumber Scenarios<br>Parameters: "user could login with invalid data", "Login|| user could login to the site"</td>
<td></td>
<td>10</td>
<td>org.example.Runner.testRunner@3aeaafa6</td></tr>
<tr>
<td title='org.example.Runner.testRunner.runScenario()'><b>runScenario</b><br>Test class: org.example.Runner.testRunner<br>Test method: Runs Cucumber Scenarios<br>Parameters: "Logged user could search products", "Search|| User could search of products"</td>
<td></td>
<td>15</td>
<td>org.example.Runner.testRunner@3aeaafa6</td></tr>
<tr>
<td title='org.example.Runner.testRunner.runScenario()'><b>runScenario</b><br>Test class: org.example.Runner.testRunner<br>Test method: Runs Cucumber Scenarios<br>Parameters: "Logged user could search products", "Search|| User could search of products"</td>
<td></td>
<td>24</td>
<td>org.example.Runner.testRunner@3aeaafa6</td></tr>
<tr>
<td title='org.example.Runner.testRunner.runScenario()'><b>runScenario</b><br>Test class: org.example.Runner.testRunner<br>Test method: Runs Cucumber Scenarios<br>Parameters: "Logged user could search products", "Search|| User could search of products"</td>
<td></td>
<td>12</td>
<td>org.example.Runner.testRunner@3aeaafa6</td></tr>
<tr>
<td title='org.example.Runner.testRunner.runScenario()'><b>runScenario</b><br>Test class: org.example.Runner.testRunner<br>Test method: Runs Cucumber Scenarios<br>Parameters: "user could login with valid data", "Login|| user could login to the site"</td>
<td></td>
<td>12</td>
<td>org.example.Runner.testRunner@3aeaafa6</td></tr>
<tr>
<td title='org.example.Runner.testRunner.runScenario()'><b>runScenario</b><br>Test class: org.example.Runner.testRunner<br>Test method: Runs Cucumber Scenarios<br>Parameters: "Logged user could search products", "Search|| User could search of products"</td>
<td></td>
<td>23</td>
<td>org.example.Runner.testRunner@3aeaafa6</td></tr>
<tr>
<td title='org.example.Runner.testRunner.runScenario()'><b>runScenario</b><br>Test class: org.example.Runner.testRunner<br>Test method: Runs Cucumber Scenarios<br>Parameters: "Logged user could search products", "Search|| User could search of products"</td>
<td></td>
<td>23</td>
<td>org.example.Runner.testRunner@3aeaafa6</td></tr>
<tr>
<td title='org.example.Runner.testRunner.runScenario()'><b>runScenario</b><br>Test class: org.example.Runner.testRunner<br>Test method: Runs Cucumber Scenarios<br>Parameters: "Logged user could search products", "Search|| User could search of products"</td>
<td></td>
<td>19</td>
<td>org.example.Runner.testRunner@3aeaafa6</td></tr>
<tr>
<td title='org.example.Runner.testRunner.runScenario()'><b>runScenario</b><br>Test class: org.example.Runner.testRunner<br>Test method: Runs Cucumber Scenarios<br>Parameters: "user could register entering valid data", "Registeration|| user could register to the site"</td>
<td></td>
<td>17</td>
<td>org.example.Runner.testRunner@3aeaafa6</td></tr>
<tr>
<td title='org.example.Runner.testRunner.runScenario()'><b>runScenario</b><br>Test class: org.example.Runner.testRunner<br>Test method: Runs Cucumber Scenarios<br>Parameters: "logged user could switch between currencies", "Switch Currency|| user could switch between currencies"</td>
<td></td>
<td>19</td>
<td>org.example.Runner.testRunner@3aeaafa6</td></tr>
<tr>
<td title='org.example.Runner.testRunner.runScenario()'><b>runScenario</b><br>Test class: org.example.Runner.testRunner<br>Test method: Runs Cucumber Scenarios<br>Parameters: "Logged user could search products", "Search|| User could search of products"</td>
<td></td>
<td>29</td>
<td>org.example.Runner.testRunner@3aeaafa6</td></tr>
<tr>
<td title='org.example.Runner.testRunner.runScenario()'><b>runScenario</b><br>Test class: org.example.Runner.testRunner<br>Test method: Runs Cucumber Scenarios<br>Parameters: "user could hover website categories", "F05HoverCategories | user could hover  on website categories and select a sub-category"</td>
<td></td>
<td>14</td>
<td>org.example.Runner.testRunner@3aeaafa6</td></tr>
</table><p>
</body>
</html>